<?xml version="1.0" encoding="UTF-8"?>
<!-- Generated by org.testng.reporters.JUnitReportReporter -->
<testsuite ignored="0" hostname="DESKTOP-TDHK83S" failures="0" tests="1" name="testingil.unittesting.examples.s03.d05.controllers.ControllerTests" time="0.250" errors="0" timestamp="05 Jul 2021 07:48:09 GMT" skipped="0">
  <testcase classname="testingil.unittesting.examples.s03.d05.controllers.ControllerTests" name="when_no_items_returns_error" time="0.250"/>
</testsuite> <!-- testingil.unittesting.examples.s03.d05.controllers.ControllerTests -->
