<?xml version="1.0" encoding="UTF-8"?>
<!-- Generated by org.testng.reporters.JUnitReportReporter -->
<testsuite ignored="0" hostname="DESKTOP-TDHK83S" failures="0" tests="1" name="testingil.unittesting.examples.s01.e04.CalculatorDisplayTests" time="0.008" errors="0" timestamp="28 Jun 2021 09:48:46 GMT" skipped="0">
  <testcase classname="testingil.unittesting.examples.s01.e04.CalculatorDisplayTests" name="firstTest" time="0.008"/>
</testsuite> <!-- testingil.unittesting.examples.s01.e04.CalculatorDisplayTests -->
