<?xml version="1.0" encoding="UTF-8"?>
<!-- Generated by org.testng.reporters.JUnitReportReporter -->
<testsuite ignored="1" hostname="DESKTOP-TDHK83S" failures="0" tests="1" name="testingil.unittesting.examples.s02.d04.characterization.CalculatorDisplayTests" time="0.961" errors="1" timestamp="28 Jun 2021 12:27:48 GMT" skipped="0">
  <testcase classname="testingil.unittesting.examples.s02.d04.characterization.CalculatorDisplayTests" name="ComplexOperationsTest" time="0.961">
    <error message="Failed Approval
  Approved:C:\Users\Gil\Documents\GitHub\unit-testing-java\.\src\test\java\testingil\unittesting\examples\s02\d04\characterization\CalculatorDisplayTests.ComplexOperationsTest.approved.txt
  Received:C:\Users\Gil\Documents\GitHub\unit-testing-java\.\src\test\java\testingil\unittesting\examples\s02\d04\characterization\CalculatorDisplayTests.ComplexOperationsTest.received.txt" type="java.lang.Error">
      <![CDATA[java.lang.Error: Failed Approval
  Approved:C:\Users\Gil\Documents\GitHub\unit-testing-java\.\src\test\java\testingil\unittesting\examples\s02\d04\characterization\CalculatorDisplayTests.ComplexOperationsTest.approved.txt
  Received:C:\Users\Gil\Documents\GitHub\unit-testing-java\.\src\test\java\testingil\unittesting\examples\s02\d04\characterization\CalculatorDisplayTests.ComplexOperationsTest.received.txt
	at org.approvaltests.approvers.FileApprover.fail(FileApprover.java:58)
	at org.approvaltests.Approvals.verify(Approvals.java:216)
	at org.approvaltests.Approvals.verify(Approvals.java:171)
	at org.approvaltests.Approvals.verify(Approvals.java:179)
	at org.approvaltests.Approvals.verify(Approvals.java:55)
	at org.approvaltests.Approvals.verify(Approvals.java:51)
	at testingil.unittesting.examples.s02.d04.characterization.CalculatorDisplayTests.ComplexOperationsTest(CalculatorDisplayTests.java:28)
	at java.base/jdk.internal.reflect.NativeMethodAccessorImpl.invoke0(Native Method)
	at java.base/jdk.internal.reflect.NativeMethodAccessorImpl.invoke(NativeMethodAccessorImpl.java:62)
	at java.base/jdk.internal.reflect.DelegatingMethodAccessorImpl.invoke(DelegatingMethodAccessorImpl.java:43)
	at java.base/java.lang.reflect.Method.invoke(Method.java:566)
	at org.testng.internal.MethodInvocationHelper.invokeMethod(MethodInvocationHelper.java:104)
	at org.testng.internal.Invoker.invokeMethod(Invoker.java:645)
	at org.testng.internal.Invoker.invokeTestMethod(Invoker.java:851)
	at org.testng.internal.Invoker.invokeTestMethods(Invoker.java:1177)
	at org.testng.internal.TestMethodWorker.invokeTestMethods(TestMethodWorker.java:129)
	at org.testng.internal.TestMethodWorker.run(TestMethodWorker.java:112)
	at org.testng.TestRunner.privateRun(TestRunner.java:756)
	at org.testng.TestRunner.run(TestRunner.java:610)
	at org.testng.SuiteRunner.runTest(SuiteRunner.java:387)
	at org.testng.SuiteRunner.runSequentially(SuiteRunner.java:382)
	at org.testng.SuiteRunner.privateRun(SuiteRunner.java:340)
	at org.testng.SuiteRunner.run(SuiteRunner.java:289)
	at org.testng.SuiteRunnerWorker.runSuite(SuiteRunnerWorker.java:52)
	at org.testng.SuiteRunnerWorker.run(SuiteRunnerWorker.java:86)
	at org.testng.TestNG.runSuitesSequentially(TestNG.java:1293)
	at org.testng.TestNG.runSuitesLocally(TestNG.java:1218)
	at org.testng.TestNG.runSuites(TestNG.java:1133)
	at org.testng.TestNG.run(TestNG.java:1104)
	at org.testng.remote.AbstractRemoteTestNG.run(AbstractRemoteTestNG.java:132)
	at org.testng.remote.RemoteTestNG.initAndRun(RemoteTestNG.java:236)
	at org.testng.remote.RemoteTestNG.main(RemoteTestNG.java:81)
]]>
    </error>
  </testcase> <!-- ComplexOperationsTest -->
  <testcase classname="testingil.unittesting.examples.s02.d04.characterization.CalculatorDisplayTests" name="CheckDisplayTest">
    <skipped/>
  </testcase> <!-- CheckDisplayTest -->
</testsuite> <!-- testingil.unittesting.examples.s02.d04.characterization.CalculatorDisplayTests -->
