<?xml version="1.0" encoding="UTF-8"?>
<!-- Generated by org.testng.reporters.JUnitReportReporter -->
<testsuite ignored="0" hostname="DESKTOP-TDHK83S" failures="0" tests="2" name="testingil.unittesting.examples.s02.d03.mocking.mockito.Test_with_mockito_verification" time="0.490" errors="0" timestamp="28 Jun 2021 10:13:17 GMT" skipped="0">
  <testcase classname="testingil.unittesting.examples.s02.d03.mocking.mockito.Test_with_mockito_verification" name="AC_is_set_before_we_drive" time="0.485"/>
  <testcase classname="testingil.unittesting.examples.s02.d03.mocking.mockito.Test_with_mockito_verification" name="AC_is_set_on_before_we_drive" time="0.005"/>
</testsuite> <!-- testingil.unittesting.examples.s02.d03.mocking.mockito.Test_with_mockito_verification -->
