<?xml version="1.0" encoding="UTF-8"?>
<!-- Generated by org.testng.reporters.JUnitReportReporter -->
<testsuite ignored="4" hostname="DESKTOP-TDHK83S" failures="0" tests="1" name="testingil.unittesting.examples.s02.d03.mocking.mockito.Test_with_mockito_behavior" time="0.000" errors="0" timestamp="05 Jul 2021 09:06:17 GMT" skipped="0">
  <testcase classname="testingil.unittesting.examples.s02.d03.mocking.mockito.Test_with_mockito_behavior" name="a_running_car" time="0.000"/>
  <testcase classname="testingil.unittesting.examples.s03.ex.CalculatorDisplaySpringTests" name="firstTest">
    <skipped/>
  </testcase> <!-- firstTest -->
  <testcase classname="testingil.unittesting.examples.s02.d05.characterization.CalculatorDisplayTests" name="CheckDisplayTest">
    <skipped/>
  </testcase> <!-- CheckDisplayTest -->
  <testcase classname="testingil.unittesting.examples.s02.d05.characterization.CalculatorDisplayTests" name="ComplexOperationsTest">
    <skipped/>
  </testcase> <!-- ComplexOperationsTest -->
  <testcase classname="testingil.unittesting.examples.s03.d03.mocking.AutowiringMocksTest" name="repository_is_created">
    <skipped/>
  </testcase> <!-- repository_is_created -->
</testsuite> <!-- testingil.unittesting.examples.s02.d03.mocking.mockito.Test_with_mockito_behavior -->
