<?xml version="1.0" encoding="UTF-8"?>
<!-- Generated by org.testng.reporters.JUnitReportReporter -->
<testsuite ignored="0" hostname="DESKTOP-TDHK83S" failures="0" tests="1" name="testingil.unittesting.examples.s03.d04.mockbean.MockBeanTest" time="0.281" errors="0" timestamp="05 Jul 2021 07:02:38 GMT" skipped="0">
  <testcase classname="testingil.unittesting.examples.s03.d04.mockbean.MockBeanTest" name="repository_is_created" time="0.281"/>
</testsuite> <!-- testingil.unittesting.examples.s03.d04.mockbean.MockBeanTest -->
