<?xml version="1.0" encoding="UTF-8"?>
<!-- Generated by org.testng.reporters.JUnitReportReporter -->
<testsuite ignored="0" hostname="DESKTOP-TDHK83S" failures="0" tests="1" name="testingil.unittesting.examples.s01.e02.factorial.FactorialTests" time="0.010" errors="0" timestamp="28 Jun 2021 09:41:29 GMT" skipped="0">
  <testcase classname="testingil.unittesting.examples.s01.e02.factorial.FactorialTests" name="factorials" time="0.010"/>
</testsuite> <!-- testingil.unittesting.examples.s01.e02.factorial.FactorialTests -->
