<?xml version="1.0" encoding="UTF-8"?>
<!-- Generated by org.testng.reporters.JUnitReportReporter -->
<testsuite ignored="0" hostname="DESKTOP-TDHK83S" failures="0" tests="1" name="testingil.unittesting.examples.s02.d03.mocking.mockito.Test_with_mockito_behavior" time="0.607" errors="0" timestamp="28 Jun 2021 10:12:39 GMT" skipped="0">
  <testcase classname="testingil.unittesting.examples.s02.d03.mocking.mockito.Test_with_mockito_behavior" name="a_running_car" time="0.607"/>
</testsuite> <!-- testingil.unittesting.examples.s02.d03.mocking.mockito.Test_with_mockito_behavior -->
