<?xml version="1.0" encoding="UTF-8"?>
<!-- Generated by org.testng.reporters.JUnitReportReporter -->
<testsuite ignored="0" hostname="DESKTOP-TDHK83S" failures="0" tests="1" name="testingil.unittesting.examples.s02.d02.mocking.Test_with_manual_mock" time="0.013" errors="0" timestamp="28 Jun 2021 10:11:33 GMT" skipped="0">
  <testcase classname="testingil.unittesting.examples.s02.d02.mocking.Test_with_manual_mock" name="cannot_drive_a_running_car" time="0.013"/>
</testsuite> <!-- testingil.unittesting.examples.s02.d02.mocking.Test_with_manual_mock -->
