<?xml version="1.0" encoding="UTF-8"?>
<!-- Generated by org.testng.reporters.JUnitReportReporter -->
<testsuite ignored="0" hostname="DESKTOP-TDHK83S" failures="0" tests="1" name="testingil.unittesting.examples.s03.d01.verification.VerificationTests" time="0.010" errors="0" timestamp="05 Jul 2021 06:06:35 GMT" skipped="0">
  <testcase classname="testingil.unittesting.examples.s03.d01.verification.VerificationTests" name="contextLoads" time="0.010"/>
</testsuite> <!-- testingil.unittesting.examples.s03.d01.verification.VerificationTests -->
